<?xml version="1.0" encoding="UTF-8"?>
<!-- Generated by org.testng.reporters.JUnitReportReporter -->
<testsuite skipped="0" hostname="Krish" name="com.learnautomation.selenium.DemoforMaven" tests="1" failures="0" timestamp="2019-09-25T14:58:22 IST" time="0.033" errors="0">
  <testcase name="testHello" time="0.033" classname="com.learnautomation.selenium.DemoforMaven"/>
</testsuite> <!-- com.learnautomation.selenium.DemoforMaven -->
